# JRE version: OpenJDK Runtime Environment (8.0_242-b01) (build 1.8.0_242-release-1644-b01)
# Java VM: OpenJDK 64-Bit Server VM (25.242-b01 mixed mode windows-amd64 compressed oops)
Heap:
 PSYoungGen      total 561152K, used 446390K [0x00000000d5580000, 0x0000000100000000, 0x0000000100000000)
  eden space 449024K, 78% used [0x00000000d5580000,0x00000000eaf50b40,0x00000000f0c00000)
  from space 112128K, 82% used [0x00000000f9280000,0x00000000fec9cf88,0x0000000100000000)
  to   space 124928K, 0% used [0x00000000f0c00000,0x00000000f0c00000,0x00000000f8600000)
 ParOldGen       total 492032K, used 263041K [0x0000000080000000, 0x000000009e080000, 0x00000000d5580000)
  object space 492032K, 53% used [0x0000000080000000,0x00000000900e05c8,0x000000009e080000)
 Metaspace       used 76804K, capacity 80872K, committed 81072K, reserved 1120256K
  class space    used 10349K, capacity 11164K, committed 11184K, reserved 1048576K
GC Heap History (10 events):
Event: 72.979 GC heap before
{Heap before GC invocations=25 (full 4):
 PSYoungGen      total 407552K, used 376320K [0x00000000d5580000, 0x00000000f0a00000, 0x0000000100000000)
  eden space 376320K, 100% used [0x00000000d5580000,0x00000000ec500000,0x00000000ec500000)
  from space 31232K, 0% used [0x00000000eeb80000,0x00000000eeb80000,0x00000000f0a00000)
  to   space 35328K, 0% used [0x00000000ec500000,0x00000000ec500000,0x00000000ee780000)
 ParOldGen       total 241152K, used 100702K [0x0000000080000000, 0x000000008eb80000, 0x00000000d5580000)
  object space 241152K, 41% used [0x0000000080000000,0x0000000086257aa8,0x000000008eb80000)
 Metaspace       used 75500K, capacity 79386K, committed 80048K, reserved 1118208K
  class space    used 10215K, capacity 10979K, committed 11184K, reserved 1048576K
Event: 73.082 GC heap after
Heap after GC invocations=25 (full 4):
 PSYoungGen      total 411648K, used 25489K [0x00000000d5580000, 0x00000000f5080000, 0x0000000100000000)
  eden space 376320K, 0% used [0x00000000d5580000,0x00000000d5580000,0x00000000ec500000)
  from space 35328K, 72% used [0x00000000ec500000,0x00000000edde4740,0x00000000ee780000)
  to   space 36864K, 0% used [0x00000000f2c80000,0x00000000f2c80000,0x00000000f5080000)
 ParOldGen       total 241152K, used 100702K [0x0000000080000000, 0x000000008eb80000, 0x00000000d5580000)
  object space 241152K, 41% used [0x0000000080000000,0x0000000086257aa8,0x000000008eb80000)
 Metaspace       used 75500K, capacity 79386K, committed 80048K, reserved 1118208K
  class space    used 10215K, capacity 10979K, committed 11184K, reserved 1048576K
}
Event: 77.487 GC heap before
{Heap before GC invocations=26 (full 4):
 PSYoungGen      total 411648K, used 401809K [0x00000000d5580000, 0x00000000f5080000, 0x0000000100000000)
  eden space 376320K, 100% used [0x00000000d5580000,0x00000000ec500000,0x00000000ec500000)
  from space 35328K, 72% used [0x00000000ec500000,0x00000000edde4740,0x00000000ee780000)
  to   space 36864K, 0% used [0x00000000f2c80000,0x00000000f2c80000,0x00000000f5080000)
 ParOldGen       total 241152K, used 100702K [0x0000000080000000, 0x000000008eb80000, 0x00000000d5580000)
  object space 241152K, 41% used [0x0000000080000000,0x0000000086257aa8,0x000000008eb80000)
 Metaspace       used 76315K, capacity 80298K, committed 80560K, reserved 1118208K
  class space    used 10321K, capacity 11105K, committed 11184K, reserved 1048576K
Event: 77.611 GC heap after
Heap after GC invocations=26 (full 4):
 PSYoungGen      total 477696K, used 33272K [0x00000000d5580000, 0x00000000f5b80000, 0x0000000100000000)
  eden space 440832K, 0% used [0x00000000d5580000,0x00000000d5580000,0x00000000f0400000)
  from space 36864K, 90% used [0x00000000f2c80000,0x00000000f4cfe3f8,0x00000000f5080000)
  to   space 41472K, 0% used [0x00000000f0400000,0x00000000f0400000,0x00000000f2c80000)
 ParOldGen       total 241152K, used 100710K [0x0000000080000000, 0x000000008eb80000, 0x00000000d5580000)
  object space 241152K, 41% used [0x0000000080000000,0x0000000086259aa8,0x000000008eb80000)
 Metaspace       used 76315K, capacity 80298K, committed 80560K, reserved 1118208K
  class space    used 10321K, capacity 11105K, committed 11184K, reserved 1048576K
}
Event: 83.565 GC heap before
{Heap before GC invocations=27 (full 4):
 PSYoungGen      total 477696K, used 474104K [0x00000000d5580000, 0x00000000f5b80000, 0x0000000100000000)
  eden space 440832K, 100% used [0x00000000d5580000,0x00000000f0400000,0x00000000f0400000)
  from space 36864K, 90% used [0x00000000f2c80000,0x00000000f4cfe3f8,0x00000000f5080000)
  to   space 41472K, 0% used [0x00000000f0400000,0x00000000f0400000,0x00000000f2c80000)
 ParOldGen       total 241152K, used 100710K [0x0000000080000000, 0x000000008eb80000, 0x00000000d5580000)
  object space 241152K, 41% used [0x0000000080000000,0x0000000086259aa8,0x000000008eb80000)
 Metaspace       used 76575K, capacity 80686K, committed 80816K, reserved 1118208K
  class space    used 10343K, capacity 11155K, committed 11184K, reserved 1048576K
Event: 84.361 GC heap after
Heap after GC invocations=27 (full 4):
 PSYoungGen      total 482304K, used 41460K [0x00000000d5580000, 0x0000000100000000, 0x0000000100000000)
  eden space 440832K, 0% used [0x00000000d5580000,0x00000000d5580000,0x00000000f0400000)
  from space 41472K, 99% used [0x00000000f0400000,0x00000000f2c7d248,0x00000000f2c80000)
  to   space 112128K, 0% used [0x00000000f9280000,0x00000000f9280000,0x0000000100000000)
 ParOldGen       total 275456K, used 274904K [0x0000000080000000, 0x0000000090d00000, 0x00000000d5580000)
  object space 275456K, 99% used [0x0000000080000000,0x0000000090c76138,0x0000000090d00000)
 Metaspace       used 76575K, capacity 80686K, committed 80816K, reserved 1118208K
  class space    used 10343K, capacity 11155K, committed 11184K, reserved 1048576K
}
Event: 84.361 GC heap before
{Heap before GC invocations=28 (full 5):
 PSYoungGen      total 482304K, used 41460K [0x00000000d5580000, 0x0000000100000000, 0x0000000100000000)
  eden space 440832K, 0% used [0x00000000d5580000,0x00000000d5580000,0x00000000f0400000)
  from space 41472K, 99% used [0x00000000f0400000,0x00000000f2c7d248,0x00000000f2c80000)
  to   space 112128K, 0% used [0x00000000f9280000,0x00000000f9280000,0x0000000100000000)
 ParOldGen       total 275456K, used 274904K [0x0000000080000000, 0x0000000090d00000, 0x00000000d5580000)
  object space 275456K, 99% used [0x0000000080000000,0x0000000090c76138,0x0000000090d00000)
 Metaspace       used 76575K, capacity 80686K, committed 80816K, reserved 1118208K
  class space    used 10343K, capacity 11155K, committed 11184K, reserved 1048576K
Event: 88.391 GC heap after
Heap after GC invocations=28 (full 5):
 PSYoungGen      total 482304K, used 0K [0x00000000d5580000, 0x0000000100000000, 0x0000000100000000)
  eden space 440832K, 0% used [0x00000000d5580000,0x00000000d5580000,0x00000000f0400000)
  from space 41472K, 0% used [0x00000000f0400000,0x00000000f0400000,0x00000000f2c80000)
  to   space 112128K, 0% used [0x00000000f9280000,0x00000000f9280000,0x0000000100000000)
 ParOldGen       total 492032K, used 263033K [0x0000000080000000, 0x000000009e080000, 0x00000000d5580000)
  object space 492032K, 53% used [0x0000000080000000,0x00000000900de5c8,0x000000009e080000)
 Metaspace       used 76573K, capacity 80680K, committed 80816K, reserved 1118208K
  class space    used 10342K, capacity 11154K, committed 11184K, reserved 1048576K
}
Event: 101.224 GC heap before
{Heap before GC invocations=29 (full 5):
 PSYoungGen      total 482304K, used 440832K [0x00000000d5580000, 0x0000000100000000, 0x0000000100000000)
  eden space 440832K, 100% used [0x00000000d5580000,0x00000000f0400000,0x00000000f0400000)
  from space 41472K, 0% used [0x00000000f0400000,0x00000000f0400000,0x00000000f2c80000)
  to   space 112128K, 0% used [0x00000000f9280000,0x00000000f9280000,0x0000000100000000)
 ParOldGen       total 492032K, used 263033K [0x0000000080000000, 0x000000009e080000, 0x00000000d5580000)
  object space 492032K, 53% used [0x0000000080000000,0x00000000900de5c8,0x000000009e080000)
 Metaspace       used 76683K, capacity 80788K, committed 80816K, reserved 1118208K
  class space    used 10347K, capacity 11162K, committed 11184K, reserved 1048576K
Event: 101.711 GC heap after
Heap after GC invocations=29 (full 5):
 PSYoungGen      total 561152K, used 92275K [0x00000000d5580000, 0x0000000100000000, 0x0000000100000000)
  eden space 449024K, 0% used [0x00000000d5580000,0x00000000d5580000,0x00000000f0c00000)
  from space 112128K, 82% used [0x00000000f9280000,0x00000000fec9cf88,0x0000000100000000)
  to   space 124928K, 0% used [0x00000000f0c00000,0x00000000f0c00000,0x00000000f8600000)
 ParOldGen       total 492032K, used 263041K [0x0000000080000000, 0x000000009e080000, 0x00000000d5580000)
  object space 492032K, 53% used [0x0000000080000000,0x00000000900e05c8,0x000000009e080000)
 Metaspace       used 76683K, capacity 80788K, committed 80816K, reserved 1118208K
  class space    used 10347K, capacity 11162K, committed 11184K, reserved 1048576K
}

