# JRE version: OpenJDK Runtime Environment (8.0_242-b01) (build 1.8.0_242-release-1644-b01)
# Java VM: OpenJDK 64-Bit Server VM (25.242-b01 mixed mode windows-amd64 compressed oops)
Heap:
 PSYoungGen      total 559616K, used 445328K [0x00000000d5580000, 0x0000000100000000, 0x0000000100000000)
  eden space 479744K, 76% used [0x00000000d5580000,0x00000000ebacbb10,0x00000000f2a00000)
  from space 79872K, 99% used [0x00000000f2a00000,0x00000000f7798848,0x00000000f7800000)
  to   space 116224K, 0% used [0x00000000f8e80000,0x00000000f8e80000,0x0000000100000000)
 ParOldGen       total 335360K, used 156845K [0x0000000080000000, 0x0000000094780000, 0x00000000d5580000)
  object space 335360K, 46% used [0x0000000080000000,0x000000008992b768,0x0000000094780000)
 Metaspace       used 188830K, capacity 201571K, committed 201712K, reserved 1224704K
  class space    used 24019K, capacity 26335K, committed 26360K, reserved 1048576K
GC Heap History (10 events):
Event: 5832.064 GC heap before
{Heap before GC invocations=55 (full 6):
 PSYoungGen      total 594944K, used 5791K [0x00000000d5580000, 0x00000000ffe00000, 0x0000000100000000)
  eden space 495616K, 0% used [0x00000000d5580000,0x00000000d5580000,0x00000000f3980000)
  from space 99328K, 5% used [0x00000000f3980000,0x00000000f3f27ef8,0x00000000f9a80000)
  to   space 98304K, 0% used [0x00000000f9e00000,0x00000000f9e00000,0x00000000ffe00000)
 ParOldGen       total 505856K, used 401087K [0x0000000080000000, 0x000000009ee00000, 0x00000000d5580000)
  object space 505856K, 79% used [0x0000000080000000,0x00000000987afce8,0x000000009ee00000)
 Metaspace       used 153751K, capacity 164931K, committed 164976K, reserved 1191936K
  class space    used 19596K, capacity 21582K, committed 21624K, reserved 1048576K
Event: 5833.125 GC heap after
Heap after GC invocations=55 (full 6):
 PSYoungGen      total 594944K, used 0K [0x00000000d5580000, 0x00000000ffe00000, 0x0000000100000000)
  eden space 495616K, 0% used [0x00000000d5580000,0x00000000d5580000,0x00000000f3980000)
  from space 99328K, 0% used [0x00000000f3980000,0x00000000f3980000,0x00000000f9a80000)
  to   space 98304K, 0% used [0x00000000f9e00000,0x00000000f9e00000,0x00000000ffe00000)
 ParOldGen       total 335360K, used 154618K [0x0000000080000000, 0x0000000094780000, 0x00000000d5580000)
  object space 335360K, 46% used [0x0000000080000000,0x00000000896fea00,0x0000000094780000)
 Metaspace       used 152922K, capacity 163563K, committed 164976K, reserved 1191936K
  class space    used 19459K, capacity 21380K, committed 21624K, reserved 1048576K
}
Event: 5846.219 GC heap before
{Heap before GC invocations=56 (full 6):
 PSYoungGen      total 594944K, used 495616K [0x00000000d5580000, 0x00000000ffe00000, 0x0000000100000000)
  eden space 495616K, 100% used [0x00000000d5580000,0x00000000f3980000,0x00000000f3980000)
  from space 99328K, 0% used [0x00000000f3980000,0x00000000f3980000,0x00000000f9a80000)
  to   space 98304K, 0% used [0x00000000f9e00000,0x00000000f9e00000,0x00000000ffe00000)
 ParOldGen       total 335360K, used 154618K [0x0000000080000000, 0x0000000094780000, 0x00000000d5580000)
  object space 335360K, 46% used [0x0000000080000000,0x00000000896fea00,0x0000000094780000)
 Metaspace       used 171923K, capacity 183537K, committed 183792K, reserved 1208320K
  class space    used 22075K, capacity 24212K, committed 24312K, reserved 1048576K
Event: 5846.479 GC heap after
Heap after GC invocations=56 (full 6):
 PSYoungGen      total 598528K, used 47836K [0x00000000d5580000, 0x00000000ffd00000, 0x0000000100000000)
  eden space 501248K, 0% used [0x00000000d5580000,0x00000000d5580000,0x00000000f3f00000)
  from space 97280K, 49% used [0x00000000f9e00000,0x00000000fccb71a0,0x00000000ffd00000)
  to   space 97280K, 0% used [0x00000000f3f00000,0x00000000f3f00000,0x00000000f9e00000)
 ParOldGen       total 335360K, used 154626K [0x0000000080000000, 0x0000000094780000, 0x00000000d5580000)
  object space 335360K, 46% used [0x0000000080000000,0x0000000089700a00,0x0000000094780000)
 Metaspace       used 171923K, capacity 183537K, committed 183792K, reserved 1208320K
  class space    used 22075K, capacity 24212K, committed 24312K, reserved 1048576K
}
Event: 6166.326 GC heap before
{Heap before GC invocations=57 (full 6):
 PSYoungGen      total 598528K, used 549084K [0x00000000d5580000, 0x00000000ffd00000, 0x0000000100000000)
  eden space 501248K, 100% used [0x00000000d5580000,0x00000000f3f00000,0x00000000f3f00000)
  from space 97280K, 49% used [0x00000000f9e00000,0x00000000fccb71a0,0x00000000ffd00000)
  to   space 97280K, 0% used [0x00000000f3f00000,0x00000000f3f00000,0x00000000f9e00000)
 ParOldGen       total 335360K, used 154626K [0x0000000080000000, 0x0000000094780000, 0x00000000d5580000)
  object space 335360K, 46% used [0x0000000080000000,0x0000000089700a00,0x0000000094780000)
 Metaspace       used 176823K, capacity 188555K, committed 188784K, reserved 1214464K
  class space    used 22483K, capacity 24653K, committed 24696K, reserved 1048576K
Event: 6166.491 GC heap after
Heap after GC invocations=57 (full 6):
 PSYoungGen      total 598528K, used 97267K [0x00000000d5580000, 0x0000000100000000, 0x0000000100000000)
  eden space 501248K, 0% used [0x00000000d5580000,0x00000000d5580000,0x00000000f3f00000)
  from space 97280K, 99% used [0x00000000f3f00000,0x00000000f9dfcc48,0x00000000f9e00000)
  to   space 100352K, 0% used [0x00000000f9e00000,0x00000000f9e00000,0x0000000100000000)
 ParOldGen       total 335360K, used 156837K [0x0000000080000000, 0x0000000094780000, 0x00000000d5580000)
  object space 335360K, 46% used [0x0000000080000000,0x0000000089929768,0x0000000094780000)
 Metaspace       used 176823K, capacity 188555K, committed 188784K, reserved 1214464K
  class space    used 22483K, capacity 24653K, committed 24696K, reserved 1048576K
}
Event: 6178.495 GC heap before
{Heap before GC invocations=58 (full 6):
 PSYoungGen      total 598528K, used 598515K [0x00000000d5580000, 0x0000000100000000, 0x0000000100000000)
  eden space 501248K, 100% used [0x00000000d5580000,0x00000000f3f00000,0x00000000f3f00000)
  from space 97280K, 99% used [0x00000000f3f00000,0x00000000f9dfcc48,0x00000000f9e00000)
  to   space 100352K, 0% used [0x00000000f9e00000,0x00000000f9e00000,0x0000000100000000)
 ParOldGen       total 335360K, used 156837K [0x0000000080000000, 0x0000000094780000, 0x00000000d5580000)
  object space 335360K, 46% used [0x0000000080000000,0x0000000089929768,0x0000000094780000)
 Metaspace       used 178366K, capacity 190173K, committed 190320K, reserved 1214464K
  class space    used 22641K, capacity 24808K, committed 24952K, reserved 1048576K
Event: 6178.567 GC heap after
Heap after GC invocations=58 (full 6):
 PSYoungGen      total 580096K, used 47347K [0x00000000d5580000, 0x0000000100000000, 0x0000000100000000)
  eden space 479744K, 0% used [0x00000000d5580000,0x00000000d5580000,0x00000000f2a00000)
  from space 100352K, 47% used [0x00000000f9e00000,0x00000000fcc3cdb8,0x0000000100000000)
  to   space 109568K, 0% used [0x00000000f2a00000,0x00000000f2a00000,0x00000000f9500000)
 ParOldGen       total 335360K, used 156845K [0x0000000080000000, 0x0000000094780000, 0x00000000d5580000)
  object space 335360K, 46% used [0x0000000080000000,0x000000008992b768,0x0000000094780000)
 Metaspace       used 178366K, capacity 190173K, committed 190320K, reserved 1214464K
  class space    used 22641K, capacity 24808K, committed 24952K, reserved 1048576K
}
Event: 6186.808 GC heap before
{Heap before GC invocations=59 (full 6):
 PSYoungGen      total 580096K, used 527091K [0x00000000d5580000, 0x0000000100000000, 0x0000000100000000)
  eden space 479744K, 100% used [0x00000000d5580000,0x00000000f2a00000,0x00000000f2a00000)
  from space 100352K, 47% used [0x00000000f9e00000,0x00000000fcc3cdb8,0x0000000100000000)
  to   space 109568K, 0% used [0x00000000f2a00000,0x00000000f2a00000,0x00000000f9500000)
 ParOldGen       total 335360K, used 156845K [0x0000000080000000, 0x0000000094780000, 0x00000000d5580000)
  object space 335360K, 46% used [0x0000000080000000,0x000000008992b768,0x0000000094780000)
 Metaspace       used 186121K, capacity 198537K, committed 198640K, reserved 1222656K
  class space    used 23764K, capacity 26044K, committed 26104K, reserved 1048576K
Event: 6186.962 GC heap after
Heap after GC invocations=59 (full 6):
 PSYoungGen      total 559616K, used 79458K [0x00000000d5580000, 0x0000000100000000, 0x0000000100000000)
  eden space 479744K, 0% used [0x00000000d5580000,0x00000000d5580000,0x00000000f2a00000)
  from space 79872K, 99% used [0x00000000f2a00000,0x00000000f7798848,0x00000000f7800000)
  to   space 116224K, 0% used [0x00000000f8e80000,0x00000000f8e80000,0x0000000100000000)
 ParOldGen       total 335360K, used 156845K [0x0000000080000000, 0x0000000094780000, 0x00000000d5580000)
  object space 335360K, 46% used [0x0000000080000000,0x000000008992b768,0x0000000094780000)
 Metaspace       used 186121K, capacity 198537K, committed 198640K, reserved 1222656K
  class space    used 23764K, capacity 26044K, committed 26104K, reserved 1048576K
}

